 -----------------------------------------
 COSMOtherm Version 18.0.0 (Revision 4581)
 -----------------------------------------
 written by Frank Eckert, Andreas Klamt, Larissa Koch, Selman Terzi
 Copyright (C) 1999-2018, COSMOlogic GmbH & Co. KG

 Job name   : !! generated by COSMOthermX !!
 Job date   : 09/23/2025
 Job time   : 13:03:11
 Hostname   : unknown
 OS type    : Windows_NT
 Executable : Windows 64-bit

 Reading COSMOtherm parameter file BP_TZVP_C21_0111.ctd from directory C:\Program Files\COSMOlogic\COSMOthermX18\COSMOtherm\CTDATA-FILES\OLDPARAM/
 Info: # COSMOtherm parameter file for BP-TZVP optimized COSMO files                                                                                         

 Reading COSMOtherm license key license.txt from directory C:\Program Files\COSMOlogic\COSMOthermX18\COSMOthermX\..\licensefiles/

 COSMOtherm license key expiration date 07/01/2050
 COSMOtherm license key version 18.00
 Customer : downloadly.ir
 ID       : 909000

 License keys:
  product                   |    licensed version    | status
 ------------------------------------------------------------------------------ 
  COSMOtherm                |          18.00         | active
  TURBOMOLE                 |          7.2           | active
  COSMOquick                |          1.6           | active
  COSMOconf                 |          4.2           | active
  COSMOmic                  |          18.00         | active
  COSMObase                 |          17.00         | active
  COSMObaseIL               |          17.00         | active
  COSMObaseFF               |          17.00         | active
  COSMOsar3D                |          2.0           | active
  COSMOsim3D                |          2.0           | active
  COSMOperm                 |          18.00         | active
 ------------------------------------------------------------------------------ 
 
 Note: Vapor pressure / property file could not be found for compound 1
 Reading COSMO information for compound 1 conformer 1 from file G:\My Drive\Work\Calculos\Alvaro\Simulaciones\Turbomole\G/G_H.cosmo
 Note: Gas phase energy file could not be found for compound 1 conformer 1
 
 Note: Vapor pressure / property file could not be found for compound 2
 Reading COSMO information for compound 2 conformer 1 from file G:\My Drive\Work\Calculos\Alvaro\Simulaciones\Turbomole\L/L_H.cosmo
 Note: Gas phase energy file could not be found for compound 2 conformer 1


 --- Compound 1 (G_H) ---

 Compound Information for compound 1 conformer 1 (COSMO file G:\My Drive\Work\Calculos\Alvaro\Simulaciones\Turbomole\G/G_H.cosmo)
 Atomic weights         : 11111111
 E_COSMO+dE             :    -143798.7035 kcal/mol
 E_gas                  :    -143787.1576 kcal/mol
 E_COSMO-E_gas+dE       :        -11.5459 kcal/mol
 E_diel                 :        -15.7795 kcal/mol
 Averaging corr dE      :          0.5264 kcal/mol
 Area                   :         93.0777 A^2
 Volume                 :         75.4423 A^3
 Molecular Weight       :         60.0522 a.m.u.
 Total COSMO charge     :          0.0010 a.u.
 Dipole moment (t,x,y,z):          5.8809  4.860955  0.842898 -3.200931 Debye                            
 Sigma moments (1-6)    :          0.0000  9.20E+01  2.57E+01  1.66E+02  6.18E+01  3.81E+02              
 H-bond moment (accept) :          5.0259
 H-bond moment (donor)  :          2.8402
 
 No gas phase energy for compound 1 conformer 1 specified, thus it will be estimated


 --- Compound 2 (L_H) ---

 Compound Information for compound 2 conformer 1 (COSMO file G:\My Drive\Work\Calculos\Alvaro\Simulaciones\Turbomole\L/L_H.cosmo)
 Atomic weights         : 11111111111
 E_COSMO+dE             :    -168480.7856 kcal/mol
 E_gas                  :    -168473.8870 kcal/mol
 E_COSMO-E_gas+dE       :         -6.8986 kcal/mol
 E_diel                 :         -9.1658 kcal/mol
 Averaging corr dE      :          0.5443 kcal/mol
 Area                   :        110.3831 A^2
 Volume                 :         95.2680 A^3
 Molecular Weight       :         74.0789 a.m.u.
 Total COSMO charge     :          0.0039 a.u.
 Dipole moment (t,x,y,z):          3.6135 -3.018328  0.438255 -1.937785 Debye                            
 Sigma moments (1-6)    :          0.0000  6.50E+01  3.20E+01  8.81E+01  8.19E+01  1.67E+02              
 H-bond moment (accept) :          3.1070
 H-bond moment (donor)  :          0.3315
 
 No gas phase energy for compound 2 conformer 1 specified, thus it will be estimated


 Total number of processed compounds:    2


----------------
 START job     1
----------------

 --------------------------------------------------------------------------------
 Computation of activity coefficients gamma at infinite dilution in compound    2
 --------------------------------------------------------------------------------



 Results for mixture 1
 ---------------------
 Temperature          :    298.150 K
 Compound Nr.         :         1         2
 Compound             :       G_H       L_H
 Mole Fraction        :    1.0000    0.0000

 Compound: 1  (G_H)
 Chemical potential of the compound in the mixture :        -1.86382 kcal/mol
 Log10(partial pressure [mbar])                    :        -1.95379
 Free energy of molecule in mix (E_COSMO+dE+Mu)    :   -143800.56731 kcal/mol
 Total mean interaction energy in the mix (H_int)  :        -8.24221 kcal/mol
 Misfit interaction energy in the mix (H_MF)       :         1.78624 kcal/mol
 H-Bond interaction energy in the mix (H_HB)       :        -6.06222 kcal/mol
 VdW interaction energy in the mix (H_vdW)         :        -3.96623 kcal/mol




 Results for mixture 2
 ---------------------
 Temperature          :    298.150 K
 Compound Nr.         :         1         2
 Compound             :       G_H       L_H
 Mole Fraction        :    0.0000    1.0000

 Compound: 2  (L_H)
 Chemical potential of the compound in the mixture :        -1.61194 kcal/mol
 Log10(partial pressure [mbar])                    :         1.63678
 Free energy of molecule in mix (E_COSMO+dE+Mu)    :   -168482.39754 kcal/mol
 Total mean interaction energy in the mix (H_int)  :        -3.80713 kcal/mol
 Misfit interaction energy in the mix (H_MF)       :         2.05474 kcal/mol
 H-Bond interaction energy in the mix (H_HB)       :        -1.03262 kcal/mol
 VdW interaction energy in the mix (H_vdW)         :        -4.82925 kcal/mol




 Results for mixture 3
 ---------------------
 Temperature          :    298.150 K
 Compound Nr.         :         1         2
 Compound             :       G_H       L_H
 Mole Fraction        :    0.0000    1.0000

 Compound: 1  (G_H)
 Chemical potential of the compound in the mixture :        -1.33461 kcal/mol
 Log10(partial pressure [mbar])                    :        -1.56594
 Free energy of molecule in mix (E_COSMO+dE+Mu)    :   -143800.03810 kcal/mol
 Total mean interaction energy in the mix (H_int)  :        -6.09247 kcal/mol
 Misfit interaction energy in the mix (H_MF)       :         1.93185 kcal/mol
 H-Bond interaction energy in the mix (H_HB)       :        -4.07057 kcal/mol
 VdW interaction energy in the mix (H_vdW)         :        -3.95375 kcal/mol
 Ln(Activity coefficient)                          :         0.89306

 Compound: 2  (L_H)
 Chemical potential of the compound in the mixture :        -1.61194 kcal/mol
 Log10(partial pressure [mbar])                    :         1.63678
 Free energy of molecule in mix (E_COSMO+dE+Mu)    :   -168482.39754 kcal/mol
 Total mean interaction energy in the mix (H_int)  :        -3.80713 kcal/mol
 Misfit interaction energy in the mix (H_MF)       :         2.05474 kcal/mol
 H-Bond interaction energy in the mix (H_HB)       :        -1.03262 kcal/mol
 VdW interaction energy in the mix (H_vdW)         :        -4.82925 kcal/mol
 Ln(Activity coefficient)                          :         0.00000


----------------
 END job       1
----------------
----------------
 START job     2
----------------

 --------------------------------------------------------------------------------
 Computation of activity coefficients gamma at infinite dilution in compound    2
 --------------------------------------------------------------------------------



 Results for mixture 4
 ---------------------
 Temperature          :    310.000 K
 Compound Nr.         :         1         2
 Compound             :       G_H       L_H
 Mole Fraction        :    1.0000    0.0000

 Compound: 1  (G_H)
 Chemical potential of the compound in the mixture :        -1.61735 kcal/mol
 Log10(partial pressure [mbar])                    :        -1.42821
 Free energy of molecule in mix (E_COSMO+dE+Mu)    :   -143800.32084 kcal/mol
 Total mean interaction energy in the mix (H_int)  :        -7.86557 kcal/mol
 Misfit interaction energy in the mix (H_MF)       :         1.84189 kcal/mol
 H-Bond interaction energy in the mix (H_HB)       :        -5.79124 kcal/mol
 VdW interaction energy in the mix (H_vdW)         :        -3.91622 kcal/mol




 Results for mixture 5
 ---------------------
 Temperature          :    310.000 K
 Compound Nr.         :         1         2
 Compound             :       G_H       L_H
 Mole Fraction        :    0.0000    1.0000

 Compound: 2  (L_H)
 Chemical potential of the compound in the mixture :        -1.52811 kcal/mol
 Log10(partial pressure [mbar])                    :         1.91047
 Free energy of molecule in mix (E_COSMO+dE+Mu)    :   -168482.31370 kcal/mol
 Total mean interaction energy in the mix (H_int)  :        -3.61425 kcal/mol
 Misfit interaction energy in the mix (H_MF)       :         2.10355 kcal/mol
 H-Bond interaction energy in the mix (H_HB)       :        -0.95012 kcal/mol
 VdW interaction energy in the mix (H_vdW)         :        -4.76768 kcal/mol




 Results for mixture 6
 ---------------------
 Temperature          :    310.000 K
 Compound Nr.         :         1         2
 Compound             :       G_H       L_H
 Mole Fraction        :    0.0000    1.0000

 Compound: 1  (G_H)
 Chemical potential of the compound in the mixture :        -1.06875 kcal/mol
 Log10(partial pressure [mbar])                    :        -1.04151
 Free energy of molecule in mix (E_COSMO+dE+Mu)    :   -143799.77223 kcal/mol
 Total mean interaction energy in the mix (H_int)  :        -5.73747 kcal/mol
 Misfit interaction energy in the mix (H_MF)       :         1.99115 kcal/mol
 H-Bond interaction energy in the mix (H_HB)       :        -3.82350 kcal/mol
 VdW interaction energy in the mix (H_vdW)         :        -3.90512 kcal/mol
 Ln(Activity coefficient)                          :         0.89040

 Compound: 2  (L_H)
 Chemical potential of the compound in the mixture :        -1.52811 kcal/mol
 Log10(partial pressure [mbar])                    :         1.91047
 Free energy of molecule in mix (E_COSMO+dE+Mu)    :   -168482.31370 kcal/mol
 Total mean interaction energy in the mix (H_int)  :        -3.61425 kcal/mol
 Misfit interaction energy in the mix (H_MF)       :         2.10355 kcal/mol
 H-Bond interaction energy in the mix (H_HB)       :        -0.95012 kcal/mol
 VdW interaction energy in the mix (H_vdW)         :        -4.76768 kcal/mol
 Ln(Activity coefficient)                          :         0.00000


----------------
 END job       2
----------------
