 -----------------------------------------
 COSMOtherm Version 18.0.0 (Revision 4581)
 -----------------------------------------
 written by Frank Eckert, Andreas Klamt, Larissa Koch, Selman Terzi
 Copyright (C) 1999-2018, COSMOlogic GmbH & Co. KG

 Job name   : !! generated by COSMOthermX !!
 Job date   : 09/23/2025
 Job time   : 13:04:46
 Hostname   : unknown
 OS type    : Windows_NT
 Executable : Windows 64-bit

 Reading COSMOtherm parameter file BP_TZVP_C21_0111.ctd from directory C:\Program Files\COSMOlogic\COSMOthermX18\COSMOtherm\CTDATA-FILES\OLDPARAM/
 Info: # COSMOtherm parameter file for BP-TZVP optimized COSMO files                                                                                         

 Reading COSMOtherm license key license.txt from directory C:\Program Files\COSMOlogic\COSMOthermX18\COSMOthermX\..\licensefiles/

 COSMOtherm license key expiration date 07/01/2050
 COSMOtherm license key version 18.00
 Customer : downloadly.ir
 ID       : 909000

 License keys:
  product                   |    licensed version    | status
 ------------------------------------------------------------------------------ 
  COSMOtherm                |          18.00         | active
  TURBOMOLE                 |          7.2           | active
  COSMOquick                |          1.6           | active
  COSMOconf                 |          4.2           | active
  COSMOmic                  |          18.00         | active
  COSMObase                 |          17.00         | active
  COSMObaseIL               |          17.00         | active
  COSMObaseFF               |          17.00         | active
  COSMOsar3D                |          2.0           | active
  COSMOsim3D                |          2.0           | active
  COSMOperm                 |          18.00         | active
 ------------------------------------------------------------------------------ 
 
 Note: Vapor pressure / property file could not be found for compound 1
 Reading COSMO information for compound 1 conformer 1 from file G:\My Drive\Work\Calculos\Alvaro\Simulaciones\Turbomole\E/E_H.cosmo
 Note: Gas phase energy file could not be found for compound 1 conformer 1
 
 Note: Vapor pressure / property file could not be found for compound 2
 Reading COSMO information for compound 2 conformer 1 from file G:\My Drive\Work\Calculos\Alvaro\Simulaciones\Turbomole\G/G_H.cosmo
 Note: Gas phase energy file could not be found for compound 2 conformer 1


 --- Compound 1 (E_H) ---

 Compound Information for compound 1 conformer 1 (COSMO file G:\My Drive\Work\Calculos\Alvaro\Simulaciones\Turbomole\E/E_H.cosmo)
 Atomic weights         : 111111111
 E_COSMO+dE             :     -97335.9975 kcal/mol
 E_gas                  :     -97330.8019 kcal/mol
 E_COSMO-E_gas+dE       :         -5.1956 kcal/mol
 E_diel                 :         -6.7664 kcal/mol
 Averaging corr dE      :          0.4142 kcal/mol
 Area                   :         88.3461 A^2
 Volume                 :         70.2159 A^3
 Molecular Weight       :         46.0687 a.m.u.
 Total COSMO charge     :         -0.0009 a.u.
 Dipole moment (t,x,y,z):          2.2158 -1.741503 -0.386359  1.314415 Debye                            
 Sigma moments (1-6)    :          0.0000  5.20E+01  2.27E+01  1.11E+02  7.37E+01  2.90E+02              
 H-bond moment (accept) :          4.1200
 H-bond moment (donor)  :          1.7863
 
 No gas phase energy for compound 1 conformer 1 specified, thus it will be estimated


 --- Compound 2 (G_H) ---

 Compound Information for compound 2 conformer 1 (COSMO file G:\My Drive\Work\Calculos\Alvaro\Simulaciones\Turbomole\G/G_H.cosmo)
 Atomic weights         : 11111111
 E_COSMO+dE             :    -143798.7035 kcal/mol
 E_gas                  :    -143787.1576 kcal/mol
 E_COSMO-E_gas+dE       :        -11.5459 kcal/mol
 E_diel                 :        -15.7795 kcal/mol
 Averaging corr dE      :          0.5264 kcal/mol
 Area                   :         93.0777 A^2
 Volume                 :         75.4423 A^3
 Molecular Weight       :         60.0522 a.m.u.
 Total COSMO charge     :          0.0010 a.u.
 Dipole moment (t,x,y,z):          5.8809  4.860955  0.842898 -3.200931 Debye                            
 Sigma moments (1-6)    :          0.0000  9.20E+01  2.57E+01  1.66E+02  6.18E+01  3.81E+02              
 H-bond moment (accept) :          5.0259
 H-bond moment (donor)  :          2.8402
 
 No gas phase energy for compound 2 conformer 1 specified, thus it will be estimated


 Total number of processed compounds:    2


----------------
 START job     1
----------------

 --------------------------------------------------------------------------------
 Computation of activity coefficients gamma at infinite dilution in compound    2
 --------------------------------------------------------------------------------



 Results for mixture 1
 ---------------------
 Temperature          :    298.150 K
 Compound Nr.         :         1         2
 Compound             :       E_H       G_H
 Mole Fraction        :    1.0000    0.0000

 Compound: 1  (E_H)
 Chemical potential of the compound in the mixture :        -3.21000 kcal/mol
 Log10(partial pressure [mbar])                    :         1.71371
 Free energy of molecule in mix (E_COSMO+dE+Mu)    :    -97339.20752 kcal/mol
 Total mean interaction energy in the mix (H_int)  :        -8.28651 kcal/mol
 Misfit interaction energy in the mix (H_MF)       :         1.09390 kcal/mol
 H-Bond interaction energy in the mix (H_HB)       :        -5.20839 kcal/mol
 VdW interaction energy in the mix (H_vdW)         :        -4.17202 kcal/mol




 Results for mixture 2
 ---------------------
 Temperature          :    298.150 K
 Compound Nr.         :         1         2
 Compound             :       E_H       G_H
 Mole Fraction        :    0.0000    1.0000

 Compound: 2  (G_H)
 Chemical potential of the compound in the mixture :        -1.86382 kcal/mol
 Log10(partial pressure [mbar])                    :        -1.95379
 Free energy of molecule in mix (E_COSMO+dE+Mu)    :   -143800.56731 kcal/mol
 Total mean interaction energy in the mix (H_int)  :        -8.24221 kcal/mol
 Misfit interaction energy in the mix (H_MF)       :         1.78624 kcal/mol
 H-Bond interaction energy in the mix (H_HB)       :        -6.06222 kcal/mol
 VdW interaction energy in the mix (H_vdW)         :        -3.96623 kcal/mol




 Results for mixture 3
 ---------------------
 Temperature          :    298.150 K
 Compound Nr.         :         1         2
 Compound             :       E_H       G_H
 Mole Fraction        :    0.0000    1.0000

 Compound: 1  (E_H)
 Chemical potential of the compound in the mixture :        -2.65095 kcal/mol
 Log10(partial pressure [mbar])                    :         2.12343
 Free energy of molecule in mix (E_COSMO+dE+Mu)    :    -97338.64847 kcal/mol
 Total mean interaction energy in the mix (H_int)  :        -7.03070 kcal/mol
 Misfit interaction energy in the mix (H_MF)       :         1.85741 kcal/mol
 H-Bond interaction energy in the mix (H_HB)       :        -4.84754 kcal/mol
 VdW interaction energy in the mix (H_vdW)         :        -4.04056 kcal/mol
 Ln(Activity coefficient)                          :         0.94342

 Compound: 2  (G_H)
 Chemical potential of the compound in the mixture :        -1.86382 kcal/mol
 Log10(partial pressure [mbar])                    :        -1.95379
 Free energy of molecule in mix (E_COSMO+dE+Mu)    :   -143800.56731 kcal/mol
 Total mean interaction energy in the mix (H_int)  :        -8.24221 kcal/mol
 Misfit interaction energy in the mix (H_MF)       :         1.78624 kcal/mol
 H-Bond interaction energy in the mix (H_HB)       :        -6.06222 kcal/mol
 VdW interaction energy in the mix (H_vdW)         :        -3.96623 kcal/mol
 Ln(Activity coefficient)                          :         0.00000


----------------
 END job       1
----------------
----------------
 START job     2
----------------

 --------------------------------------------------------------------------------
 Computation of activity coefficients gamma at infinite dilution in compound    2
 --------------------------------------------------------------------------------



 Results for mixture 4
 ---------------------
 Temperature          :    310.000 K
 Compound Nr.         :         1         2
 Compound             :       E_H       G_H
 Mole Fraction        :    1.0000    0.0000

 Compound: 1  (E_H)
 Chemical potential of the compound in the mixture :        -3.01433 kcal/mol
 Log10(partial pressure [mbar])                    :         2.06329
 Free energy of molecule in mix (E_COSMO+dE+Mu)    :    -97339.01185 kcal/mol
 Total mean interaction energy in the mix (H_int)  :        -7.96399 kcal/mol
 Misfit interaction energy in the mix (H_MF)       :         1.13938 kcal/mol
 H-Bond interaction energy in the mix (H_HB)       :        -4.98256 kcal/mol
 VdW interaction energy in the mix (H_vdW)         :        -4.12081 kcal/mol




 Results for mixture 5
 ---------------------
 Temperature          :    310.000 K
 Compound Nr.         :         1         2
 Compound             :       E_H       G_H
 Mole Fraction        :    0.0000    1.0000

 Compound: 2  (G_H)
 Chemical potential of the compound in the mixture :        -1.61735 kcal/mol
 Log10(partial pressure [mbar])                    :        -1.42821
 Free energy of molecule in mix (E_COSMO+dE+Mu)    :   -143800.32084 kcal/mol
 Total mean interaction energy in the mix (H_int)  :        -7.86557 kcal/mol
 Misfit interaction energy in the mix (H_MF)       :         1.84189 kcal/mol
 H-Bond interaction energy in the mix (H_HB)       :        -5.79124 kcal/mol
 VdW interaction energy in the mix (H_vdW)         :        -3.91622 kcal/mol




 Results for mixture 6
 ---------------------
 Temperature          :    310.000 K
 Compound Nr.         :         1         2
 Compound             :       E_H       G_H
 Mole Fraction        :    0.0000    1.0000

 Compound: 1  (E_H)
 Chemical potential of the compound in the mixture :        -2.45053 kcal/mol
 Log10(partial pressure [mbar])                    :         2.46070
 Free energy of molecule in mix (E_COSMO+dE+Mu)    :    -97338.44806 kcal/mol
 Total mean interaction energy in the mix (H_int)  :        -6.67875 kcal/mol
 Misfit interaction energy in the mix (H_MF)       :         1.90391 kcal/mol
 H-Bond interaction energy in the mix (H_HB)       :        -4.59491 kcal/mol
 VdW interaction energy in the mix (H_vdW)         :        -3.98775 kcal/mol
 Ln(Activity coefficient)                          :         0.91506

 Compound: 2  (G_H)
 Chemical potential of the compound in the mixture :        -1.61735 kcal/mol
 Log10(partial pressure [mbar])                    :        -1.42821
 Free energy of molecule in mix (E_COSMO+dE+Mu)    :   -143800.32084 kcal/mol
 Total mean interaction energy in the mix (H_int)  :        -7.86557 kcal/mol
 Misfit interaction energy in the mix (H_MF)       :         1.84189 kcal/mol
 H-Bond interaction energy in the mix (H_HB)       :        -5.79124 kcal/mol
 VdW interaction energy in the mix (H_vdW)         :        -3.91622 kcal/mol
 Ln(Activity coefficient)                          :         0.00000


----------------
 END job       2
----------------
