 -----------------------------------------
 COSMOtherm Version 18.0.0 (Revision 4581)
 -----------------------------------------
 written by Frank Eckert, Andreas Klamt, Larissa Koch, Selman Terzi
 Copyright (C) 1999-2018, COSMOlogic GmbH & Co. KG

 Job name   : !! generated by COSMOthermX !!
 Job date   : 09/22/2025
 Job time   : 16:32:58
 Hostname   : unknown
 OS type    : Windows_NT
 Executable : Windows 64-bit

 Reading COSMOtherm parameter file BP_TZVP_18.ctd from directory C:\Program Files\COSMOlogic\COSMOthermX18\COSMOthermX\..\COSMOtherm\CTDATA-FILES/
 Info: # COSMOtherm parameter file for BP-TZVP optimized COSMO files                                                                                         

 Reading COSMOtherm license key license.txt from directory C:\Program Files\COSMOlogic\COSMOthermX18\COSMOthermX\..\licensefiles/

 COSMOtherm license key expiration date 07/01/2050
 COSMOtherm license key version 18.00
 Customer : downloadly.ir
 ID       : 909000

 License keys:
  product                   |    licensed version    | status
 ------------------------------------------------------------------------------ 
  COSMOtherm                |          18.00         | active
  TURBOMOLE                 |          7.2           | active
  COSMOquick                |          1.6           | active
  COSMOconf                 |          4.2           | active
  COSMOmic                  |          18.00         | active
  COSMObase                 |          17.00         | active
  COSMObaseIL               |          17.00         | active
  COSMObaseFF               |          17.00         | active
  COSMOsar3D                |          2.0           | active
  COSMOsim3D                |          2.0           | active
  COSMOperm                 |          18.00         | active
 ------------------------------------------------------------------------------ 
 
 Note: Vapor pressure / property file could not be found for compound 1
 Reading COSMO information for compound 1 conformer 1 from file G:\My Drive\Work\Calculos\Alvaro\Simulaciones\PLGA_PEG_PLGA\E_H/E_H.cosmo
 Note: Gas phase energy file could not be found for compound 1 conformer 1
 
 Note: Vapor pressure / property file could not be found for compound 2
 Reading COSMO information for compound 2 conformer 1 from file G:\My Drive\Work\Calculos\Alvaro\Simulaciones\PLGA_PEG_PLGA\G_H/G_H.cosmo
 Note: Gas phase energy file could not be found for compound 2 conformer 1
 
 Note: Vapor pressure / property file could not be found for compound 3
 Reading COSMO information for compound 3 conformer 1 from file G:\My Drive\Work\Calculos\Alvaro\Simulaciones\PLGA_PEG_PLGA\L_H/L_H.cosmo
 Note: Gas phase energy file could not be found for compound 3 conformer 1
 
 Note: Vapor pressure / property file could not be found for compound 4
 Reading COSMO information for compound 4 conformer 1 from file G:\My Drive\Work\Calculos\Alvaro\Simulaciones\PLGA_PEG_PLGA\W/W.cosmo
 Note: Gas phase energy file could not be found for compound 4 conformer 1


 --- Compound 1 (E_H) ---

 Compound Information for compound 1 conformer 1 (COSMO file G:\My Drive\Work\Calculos\Alvaro\Simulaciones\PLGA_PEG_PLGA\E_H/E_H.cosmo)
 Atomic weights         : 111111111
 E_COSMO+dE             :     -97335.9159 kcal/mol
 E_gas                  :     -97330.7203 kcal/mol
 E_COSMO-E_gas+dE       :         -5.1956 kcal/mol
 E_diel                 :         -6.7664 kcal/mol
 Averaging corr dE      :          0.4142 kcal/mol
 Area                   :         88.3461 A^2
 Volume                 :         70.2158 A^3
 Molecular Weight       :         46.0687 a.m.u.
 Total COSMO charge     :         -0.0009 a.u.
 Dipole moment (t,x,y,z):          2.2158 -1.741503 -0.386358  1.314415 Debye                            
 Sigma moments (1-6)    :          0.0000  5.20E+01  2.27E+01  1.11E+02  7.37E+01  2.90E+02              
 H-bond moment (accept) :          4.1200
 H-bond moment (donor)  :          1.7863
 
 No gas phase energy for compound 1 conformer 1 specified, thus it will be estimated


 --- Compound 2 (G_H) ---

 Compound Information for compound 2 conformer 1 (COSMO file G:\My Drive\Work\Calculos\Alvaro\Simulaciones\PLGA_PEG_PLGA\G_H/G_H.cosmo)
 Atomic weights         : 11111111
 E_COSMO+dE             :    -143798.5829 kcal/mol
 E_gas                  :    -143787.0370 kcal/mol
 E_COSMO-E_gas+dE       :        -11.5459 kcal/mol
 E_diel                 :        -15.7795 kcal/mol
 Averaging corr dE      :          0.5264 kcal/mol
 Area                   :         93.0777 A^2
 Volume                 :         75.4423 A^3
 Molecular Weight       :         60.0522 a.m.u.
 Total COSMO charge     :          0.0010 a.u.
 Dipole moment (t,x,y,z):          5.8809  4.860954  0.842898 -3.200931 Debye                            
 Sigma moments (1-6)    :          0.0000  9.20E+01  2.57E+01  1.66E+02  6.18E+01  3.81E+02              
 H-bond moment (accept) :          5.0259
 H-bond moment (donor)  :          2.8402
 
 No gas phase energy for compound 2 conformer 1 specified, thus it will be estimated


 --- Compound 3 (L_H) ---

 Compound Information for compound 3 conformer 1 (COSMO file G:\My Drive\Work\Calculos\Alvaro\Simulaciones\PLGA_PEG_PLGA\L_H/L_H.cosmo)
 Atomic weights         : 11111111111
 E_COSMO+dE             :    -168480.6444 kcal/mol
 E_gas                  :    -168473.7457 kcal/mol
 E_COSMO-E_gas+dE       :         -6.8986 kcal/mol
 E_diel                 :         -9.1658 kcal/mol
 Averaging corr dE      :          0.5443 kcal/mol
 Area                   :        110.3831 A^2
 Volume                 :         95.2680 A^3
 Molecular Weight       :         74.0789 a.m.u.
 Total COSMO charge     :          0.0039 a.u.
 Dipole moment (t,x,y,z):          3.6135 -3.018328  0.438255 -1.937784 Debye                            
 Sigma moments (1-6)    :          0.0000  6.50E+01  3.20E+01  8.81E+01  8.19E+01  1.67E+02              
 H-bond moment (accept) :          3.1070
 H-bond moment (donor)  :          0.3315
 
 No gas phase energy for compound 3 conformer 1 specified, thus it will be estimated


 --- Compound 4 (W) ---

 Compound Information for compound 4 conformer 1 (COSMO file G:\My Drive\Work\Calculos\Alvaro\Simulaciones\PLGA_PEG_PLGA\W/W.cosmo)
 Atomic weights         : 111
 E_COSMO+dE             :     -47990.5027 kcal/mol
 E_gas                  :     -47984.8504 kcal/mol
 E_COSMO-E_gas+dE       :         -5.6522 kcal/mol
 E_diel                 :         -9.5898 kcal/mol
 Averaging corr dE      :          0.5076 kcal/mol
 Area                   :         43.0707 A^2
 Volume                 :         25.5974 A^3
 Molecular Weight       :         18.0153 a.m.u.
 Total COSMO charge     :         -0.0012 a.u.
 Dipole moment (t,x,y,z):          2.4690 -0.335957 -0.628339 -2.363965 Debye                            
 Sigma moments (1-6)    :          0.0000  7.48E+01  1.27E+01  1.80E+02  7.16E+01  4.86E+02              
 H-bond moment (accept) :          5.6931
 H-bond moment (donor)  :          3.8516
 
 No gas phase energy for compound 4 conformer 1 specified, thus it will be estimated


 Total number of processed compounds:    4


----------------
 START job     1
----------------

 --------------------------------------------------------------------------------
 Computation of activity coefficients gamma at infinite dilution in compound    4
 --------------------------------------------------------------------------------



 Results for mixture 1
 ---------------------
 Temperature          :    298.150 K
 Compound Nr.         :         1         2         3         4
 Compound             :       E_H       G_H       L_H         W
 Mole Fraction        :    1.0000    0.0000    0.0000    0.0000

 Compound: 1  (E_H)
 Chemical potential of the compound in the mixture :         3.39864 kcal/mol
 Log10(partial pressure [mbar])                    :         1.68283
 Free energy of molecule in mix (E_COSMO+dE+Mu)    :    -97332.51729 kcal/mol
 Total mean interaction energy in the mix (H_int)  :        -6.86928 kcal/mol
 Misfit interaction energy in the mix (H_MF)       :         1.14387 kcal/mol
 H-Bond interaction energy in the mix (H_HB)       :        -4.97564 kcal/mol
 VdW interaction energy in the mix (H_vdW)         :        -4.17851 kcal/mol
 Gas liquid transition energy in the mix (H_glt)   :         1.14099 kcal/mol




 Results for mixture 2
 ---------------------
 Temperature          :    298.150 K
 Compound Nr.         :         1         2         3         4
 Compound             :       E_H       G_H       L_H         W
 Mole Fraction        :    0.0000    1.0000    0.0000    0.0000

 Compound: 2  (G_H)
 Chemical potential of the compound in the mixture :         4.82818 kcal/mol
 Log10(partial pressure [mbar])                    :        -1.92414
 Free energy of molecule in mix (E_COSMO+dE+Mu)    :   -143793.75476 kcal/mol
 Total mean interaction energy in the mix (H_int)  :        -6.81965 kcal/mol
 Misfit interaction energy in the mix (H_MF)       :         1.86654 kcal/mol
 H-Bond interaction energy in the mix (H_HB)       :        -5.82038 kcal/mol
 VdW interaction energy in the mix (H_vdW)         :        -4.00681 kcal/mol
 Gas liquid transition energy in the mix (H_glt)   :         1.14099 kcal/mol




 Results for mixture 3
 ---------------------
 Temperature          :    298.150 K
 Compound Nr.         :         1         2         3         4
 Compound             :       E_H       G_H       L_H         W
 Mole Fraction        :    0.0000    0.0000    1.0000    0.0000

 Compound: 3  (L_H)
 Chemical potential of the compound in the mixture :         4.98428 kcal/mol
 Log10(partial pressure [mbar])                    :         1.59678
 Free energy of molecule in mix (E_COSMO+dE+Mu)    :   -168475.66008 kcal/mol
 Total mean interaction energy in the mix (H_int)  :        -2.58349 kcal/mol
 Misfit interaction energy in the mix (H_MF)       :         2.08990 kcal/mol
 H-Bond interaction energy in the mix (H_HB)       :        -0.95065 kcal/mol
 VdW interaction energy in the mix (H_vdW)         :        -4.86373 kcal/mol
 Gas liquid transition energy in the mix (H_glt)   :         1.14099 kcal/mol




 Results for mixture 4
 ---------------------
 Temperature          :    298.150 K
 Compound Nr.         :         1         2         3         4
 Compound             :       E_H       G_H       L_H         W
 Mole Fraction        :    0.0000    0.0000    0.0000    1.0000

 Compound: 4  (W)
 Chemical potential of the compound in the mixture :         3.64696 kcal/mol
 Log10(partial pressure [mbar])                    :         1.53014
 Free energy of molecule in mix (E_COSMO+dE+Mu)    :    -47986.85570 kcal/mol
 Total mean interaction energy in the mix (H_int)  :        -5.67894 kcal/mol
 Misfit interaction energy in the mix (H_MF)       :         0.29131 kcal/mol
 H-Bond interaction energy in the mix (H_HB)       :        -6.18936 kcal/mol
 VdW interaction energy in the mix (H_vdW)         :        -0.92188 kcal/mol
 Gas liquid transition energy in the mix (H_glt)   :         1.14099 kcal/mol




 Results for mixture 5
 ---------------------
 Temperature          :    298.150 K
 Compound Nr.         :         1         2         3         4
 Compound             :       E_H       G_H       L_H         W
 Mole Fraction        :    0.0000    0.0000    0.0000    1.0000

 Compound: 1  (E_H)
 Chemical potential of the compound in the mixture :         4.55504 kcal/mol
 Log10(partial pressure [mbar])                    :         2.53048
 Free energy of molecule in mix (E_COSMO+dE+Mu)    :    -97331.36089 kcal/mol
 Total mean interaction energy in the mix (H_int)  :        -7.09672 kcal/mol
 Misfit interaction energy in the mix (H_MF)       :         1.37663 kcal/mol
 H-Bond interaction energy in the mix (H_HB)       :        -5.95041 kcal/mol
 VdW interaction energy in the mix (H_vdW)         :        -3.66393 kcal/mol
 Gas liquid transition energy in the mix (H_glt)   :         1.14099 kcal/mol
 Ln(Activity coefficient)                          :         1.95178

 Compound: 2  (G_H)
 Chemical potential of the compound in the mixture :         4.69143 kcal/mol
 Log10(partial pressure [mbar])                    :        -2.02438
 Free energy of molecule in mix (E_COSMO+dE+Mu)    :   -143793.89151 kcal/mol
 Total mean interaction energy in the mix (H_int)  :        -9.91303 kcal/mol
 Misfit interaction energy in the mix (H_MF)       :         1.25577 kcal/mol
 H-Bond interaction energy in the mix (H_HB)       :        -8.72700 kcal/mol
 VdW interaction energy in the mix (H_vdW)         :        -3.58280 kcal/mol
 Gas liquid transition energy in the mix (H_glt)   :         1.14099 kcal/mol
 Ln(Activity coefficient)                          :        -0.23080

 Compound: 3  (L_H)
 Chemical potential of the compound in the mixture :         6.51804 kcal/mol
 Log10(partial pressure [mbar])                    :         2.72104
 Free energy of molecule in mix (E_COSMO+dE+Mu)    :   -168474.12632 kcal/mol
 Total mean interaction energy in the mix (H_int)  :        -5.25928 kcal/mol
 Misfit interaction energy in the mix (H_MF)       :         1.72334 kcal/mol
 H-Bond interaction energy in the mix (H_HB)       :        -3.86102 kcal/mol
 VdW interaction energy in the mix (H_vdW)         :        -4.26259 kcal/mol
 Gas liquid transition energy in the mix (H_glt)   :         1.14099 kcal/mol
 Ln(Activity coefficient)                          :         2.58869

 Compound: 4  (W)
 Chemical potential of the compound in the mixture :         3.64696 kcal/mol
 Log10(partial pressure [mbar])                    :         1.53014
 Free energy of molecule in mix (E_COSMO+dE+Mu)    :    -47986.85570 kcal/mol
 Total mean interaction energy in the mix (H_int)  :        -5.67894 kcal/mol
 Misfit interaction energy in the mix (H_MF)       :         0.29131 kcal/mol
 H-Bond interaction energy in the mix (H_HB)       :        -6.18936 kcal/mol
 VdW interaction energy in the mix (H_vdW)         :        -0.92188 kcal/mol
 Gas liquid transition energy in the mix (H_glt)   :         1.14099 kcal/mol
 Ln(Activity coefficient)                          :         0.00000


----------------
 END job       1
----------------
