 -----------------------------------------
 COSMOtherm Version 18.0.0 (Revision 4581)
 -----------------------------------------
 written by Frank Eckert, Andreas Klamt, Larissa Koch, Selman Terzi
 Copyright (C) 1999-2018, COSMOlogic GmbH & Co. KG

 Job name   : !! generated by COSMOthermX !!
 Job date   : 09/23/2025
 Job time   : 13:04:02
 Hostname   : unknown
 OS type    : Windows_NT
 Executable : Windows 64-bit

 Reading COSMOtherm parameter file BP_TZVP_C21_0111.ctd from directory C:\Program Files\COSMOlogic\COSMOthermX18\COSMOtherm\CTDATA-FILES\OLDPARAM/
 Info: # COSMOtherm parameter file for BP-TZVP optimized COSMO files                                                                                         

 Reading COSMOtherm license key license.txt from directory C:\Program Files\COSMOlogic\COSMOthermX18\COSMOthermX\..\licensefiles/

 COSMOtherm license key expiration date 07/01/2050
 COSMOtherm license key version 18.00
 Customer : downloadly.ir
 ID       : 909000

 License keys:
  product                   |    licensed version    | status
 ------------------------------------------------------------------------------ 
  COSMOtherm                |          18.00         | active
  TURBOMOLE                 |          7.2           | active
  COSMOquick                |          1.6           | active
  COSMOconf                 |          4.2           | active
  COSMOmic                  |          18.00         | active
  COSMObase                 |          17.00         | active
  COSMObaseIL               |          17.00         | active
  COSMObaseFF               |          17.00         | active
  COSMOsar3D                |          2.0           | active
  COSMOsim3D                |          2.0           | active
  COSMOperm                 |          18.00         | active
 ------------------------------------------------------------------------------ 
 
 Note: Vapor pressure / property file could not be found for compound 1
 Reading COSMO information for compound 1 conformer 1 from file G:\My Drive\Work\Calculos\Alvaro\Simulaciones\Turbomole\W/W.cosmo
 Note: Gas phase energy file could not be found for compound 1 conformer 1
 
 Note: Vapor pressure / property file could not be found for compound 2
 Reading COSMO information for compound 2 conformer 1 from file G:\My Drive\Work\Calculos\Alvaro\Simulaciones\Turbomole\G/G_H.cosmo
 Note: Gas phase energy file could not be found for compound 2 conformer 1


 --- Compound 1 (W) ---

 Compound Information for compound 1 conformer 1 (COSMO file G:\My Drive\Work\Calculos\Alvaro\Simulaciones\Turbomole\W/W.cosmo)
 Atomic weights         : 111
 E_COSMO+dE             :     -47990.5429 kcal/mol
 E_gas                  :     -47984.4919 kcal/mol
 E_COSMO-E_gas+dE       :         -6.0510 kcal/mol
 E_diel                 :         -9.5890 kcal/mol
 Averaging corr dE      :          0.5076 kcal/mol
 Area                   :         43.0702 A^2
 Volume                 :         25.5974 A^3
 Molecular Weight       :         18.0153 a.m.u.
 Total COSMO charge     :         -0.0012 a.u.
 Dipole moment (t,x,y,z):          2.4689  0.704573 -0.177223 -2.359599 Debye                            
 Sigma moments (1-6)    :          0.0000  7.48E+01  1.27E+01  1.80E+02  7.16E+01  4.86E+02              
 H-bond moment (accept) :          5.6924
 H-bond moment (donor)  :          3.8504
 
 No gas phase energy for compound 1 conformer 1 specified, thus it will be estimated


 --- Compound 2 (G_H) ---

 Compound Information for compound 2 conformer 1 (COSMO file G:\My Drive\Work\Calculos\Alvaro\Simulaciones\Turbomole\G/G_H.cosmo)
 Atomic weights         : 11111111
 E_COSMO+dE             :    -143798.7035 kcal/mol
 E_gas                  :    -143787.1576 kcal/mol
 E_COSMO-E_gas+dE       :        -11.5459 kcal/mol
 E_diel                 :        -15.7795 kcal/mol
 Averaging corr dE      :          0.5264 kcal/mol
 Area                   :         93.0777 A^2
 Volume                 :         75.4423 A^3
 Molecular Weight       :         60.0522 a.m.u.
 Total COSMO charge     :          0.0010 a.u.
 Dipole moment (t,x,y,z):          5.8809  4.860955  0.842898 -3.200931 Debye                            
 Sigma moments (1-6)    :          0.0000  9.20E+01  2.57E+01  1.66E+02  6.18E+01  3.81E+02              
 H-bond moment (accept) :          5.0259
 H-bond moment (donor)  :          2.8402
 
 No gas phase energy for compound 2 conformer 1 specified, thus it will be estimated


 Total number of processed compounds:    2


----------------
 START job     1
----------------

 --------------------------------------------------------------------------------
 Computation of activity coefficients gamma at infinite dilution in compound    2
 --------------------------------------------------------------------------------



 Results for mixture 1
 ---------------------
 Temperature          :    298.150 K
 Compound Nr.         :         1         2
 Compound             :         W       G_H
 Mole Fraction        :    1.0000    0.0000

 Compound: 1  (W)
 Chemical potential of the compound in the mixture :        -2.64247 kcal/mol
 Log10(partial pressure [mbar])                    :         1.50272
 Free energy of molecule in mix (E_COSMO+dE+Mu)    :    -47993.18537 kcal/mol
 Total mean interaction energy in the mix (H_int)  :        -7.02993 kcal/mol
 Misfit interaction energy in the mix (H_MF)       :         0.28631 kcal/mol
 H-Bond interaction energy in the mix (H_HB)       :        -6.37058 kcal/mol
 VdW interaction energy in the mix (H_vdW)         :        -0.94566 kcal/mol




 Results for mixture 2
 ---------------------
 Temperature          :    298.150 K
 Compound Nr.         :         1         2
 Compound             :         W       G_H
 Mole Fraction        :    0.0000    1.0000

 Compound: 2  (G_H)
 Chemical potential of the compound in the mixture :        -1.86382 kcal/mol
 Log10(partial pressure [mbar])                    :        -1.95379
 Free energy of molecule in mix (E_COSMO+dE+Mu)    :   -143800.56731 kcal/mol
 Total mean interaction energy in the mix (H_int)  :        -8.24221 kcal/mol
 Misfit interaction energy in the mix (H_MF)       :         1.78624 kcal/mol
 H-Bond interaction energy in the mix (H_HB)       :        -6.06222 kcal/mol
 VdW interaction energy in the mix (H_vdW)         :        -3.96623 kcal/mol




 Results for mixture 3
 ---------------------
 Temperature          :    298.150 K
 Compound Nr.         :         1         2
 Compound             :         W       G_H
 Mole Fraction        :    0.0000    1.0000

 Compound: 1  (W)
 Chemical potential of the compound in the mixture :        -2.60512 kcal/mol
 Log10(partial pressure [mbar])                    :         1.53009
 Free energy of molecule in mix (E_COSMO+dE+Mu)    :    -47993.14802 kcal/mol
 Total mean interaction energy in the mix (H_int)  :        -6.26000 kcal/mol
 Misfit interaction energy in the mix (H_MF)       :         0.30247 kcal/mol
 H-Bond interaction energy in the mix (H_HB)       :        -5.52409 kcal/mol
 VdW interaction energy in the mix (H_vdW)         :        -1.03838 kcal/mol
 Ln(Activity coefficient)                          :         0.06303

 Compound: 2  (G_H)
 Chemical potential of the compound in the mixture :        -1.86382 kcal/mol
 Log10(partial pressure [mbar])                    :        -1.95379
 Free energy of molecule in mix (E_COSMO+dE+Mu)    :   -143800.56731 kcal/mol
 Total mean interaction energy in the mix (H_int)  :        -8.24221 kcal/mol
 Misfit interaction energy in the mix (H_MF)       :         1.78624 kcal/mol
 H-Bond interaction energy in the mix (H_HB)       :        -6.06222 kcal/mol
 VdW interaction energy in the mix (H_vdW)         :        -3.96623 kcal/mol
 Ln(Activity coefficient)                          :         0.00000


----------------
 END job       1
----------------
----------------
 START job     2
----------------

 --------------------------------------------------------------------------------
 Computation of activity coefficients gamma at infinite dilution in compound    2
 --------------------------------------------------------------------------------



 Results for mixture 4
 ---------------------
 Temperature          :    310.000 K
 Compound Nr.         :         1         2
 Compound             :         W       G_H
 Mole Fraction        :    1.0000    0.0000

 Compound: 1  (W)
 Chemical potential of the compound in the mixture :        -2.47201 kcal/mol
 Log10(partial pressure [mbar])                    :         1.84259
 Free energy of molecule in mix (E_COSMO+dE+Mu)    :    -47993.01491 kcal/mol
 Total mean interaction energy in the mix (H_int)  :        -6.81792 kcal/mol
 Misfit interaction energy in the mix (H_MF)       :         0.30412 kcal/mol
 H-Bond interaction energy in the mix (H_HB)       :        -6.18806 kcal/mol
 VdW interaction energy in the mix (H_vdW)         :        -0.93399 kcal/mol




 Results for mixture 5
 ---------------------
 Temperature          :    310.000 K
 Compound Nr.         :         1         2
 Compound             :         W       G_H
 Mole Fraction        :    0.0000    1.0000

 Compound: 2  (G_H)
 Chemical potential of the compound in the mixture :        -1.61735 kcal/mol
 Log10(partial pressure [mbar])                    :        -1.42821
 Free energy of molecule in mix (E_COSMO+dE+Mu)    :   -143800.32084 kcal/mol
 Total mean interaction energy in the mix (H_int)  :        -7.86557 kcal/mol
 Misfit interaction energy in the mix (H_MF)       :         1.84189 kcal/mol
 H-Bond interaction energy in the mix (H_HB)       :        -5.79124 kcal/mol
 VdW interaction energy in the mix (H_vdW)         :        -3.91622 kcal/mol




 Results for mixture 6
 ---------------------
 Temperature          :    310.000 K
 Compound Nr.         :         1         2
 Compound             :         W       G_H
 Mole Fraction        :    0.0000    1.0000

 Compound: 1  (W)
 Chemical potential of the compound in the mixture :        -2.41513 kcal/mol
 Log10(partial pressure [mbar])                    :         1.88269
 Free energy of molecule in mix (E_COSMO+dE+Mu)    :    -47992.95803 kcal/mol
 Total mean interaction energy in the mix (H_int)  :        -5.94925 kcal/mol
 Misfit interaction energy in the mix (H_MF)       :         0.32280 kcal/mol
 H-Bond interaction energy in the mix (H_HB)       :        -5.24679 kcal/mol
 VdW interaction energy in the mix (H_vdW)         :        -1.02526 kcal/mol
 Ln(Activity coefficient)                          :         0.09233

 Compound: 2  (G_H)
 Chemical potential of the compound in the mixture :        -1.61735 kcal/mol
 Log10(partial pressure [mbar])                    :        -1.42821
 Free energy of molecule in mix (E_COSMO+dE+Mu)    :   -143800.32084 kcal/mol
 Total mean interaction energy in the mix (H_int)  :        -7.86557 kcal/mol
 Misfit interaction energy in the mix (H_MF)       :         1.84189 kcal/mol
 H-Bond interaction energy in the mix (H_HB)       :        -5.79124 kcal/mol
 VdW interaction energy in the mix (H_vdW)         :        -3.91622 kcal/mol
 Ln(Activity coefficient)                          :         0.00000


----------------
 END job       2
----------------
