 -----------------------------------------
 COSMOtherm Version 18.0.0 (Revision 4581)
 -----------------------------------------
 written by Frank Eckert, Andreas Klamt, Larissa Koch, Selman Terzi
 Copyright (C) 1999-2018, COSMOlogic GmbH & Co. KG

 Job name   : !! generated by COSMOthermX !!
 Job date   : 09/23/2025
 Job time   : 12:30:16
 Hostname   : unknown
 OS type    : Windows_NT
 Executable : Windows 64-bit

 Reading COSMOtherm parameter file BP_TZVP_C21_0111.ctd from directory C:\Program Files\COSMOlogic\COSMOthermX18\COSMOtherm\CTDATA-FILES\OLDPARAM/
 Info: # COSMOtherm parameter file for BP-TZVP optimized COSMO files                                                                                         

 Reading COSMOtherm license key license.txt from directory C:\Program Files\COSMOlogic\COSMOthermX18\COSMOthermX\..\licensefiles/

 COSMOtherm license key expiration date 07/01/2050
 COSMOtherm license key version 18.00
 Customer : downloadly.ir
 ID       : 909000

 License keys:
  product                   |    licensed version    | status
 ------------------------------------------------------------------------------ 
  COSMOtherm                |          18.00         | active
  TURBOMOLE                 |          7.2           | active
  COSMOquick                |          1.6           | active
  COSMOconf                 |          4.2           | active
  COSMOmic                  |          18.00         | active
  COSMObase                 |          17.00         | active
  COSMObaseIL               |          17.00         | active
  COSMObaseFF               |          17.00         | active
  COSMOsar3D                |          2.0           | active
  COSMOsim3D                |          2.0           | active
  COSMOperm                 |          18.00         | active
 ------------------------------------------------------------------------------ 
 
 Note: Vapor pressure / property file could not be found for compound 1
 Reading COSMO information for compound 1 conformer 1 from file G:\My Drive\Work\Calculos\Alvaro\Simulaciones\PLGA_PEG_PLGA\E_H/E_H.cosmo
 Note: Gas phase energy file could not be found for compound 1 conformer 1
 
 Note: Vapor pressure / property file could not be found for compound 2
 Reading COSMO information for compound 2 conformer 1 from file G:\My Drive\Work\Calculos\Alvaro\Simulaciones\PLGA_PEG_PLGA\G_H/G_H.cosmo
 Note: Gas phase energy file could not be found for compound 2 conformer 1
 
 Note: Vapor pressure / property file could not be found for compound 3
 Reading COSMO information for compound 3 conformer 1 from file G:\My Drive\Work\Calculos\Alvaro\Simulaciones\PLGA_PEG_PLGA\L_H/L_H.cosmo
 Note: Gas phase energy file could not be found for compound 3 conformer 1
 
 Note: Vapor pressure / property file could not be found for compound 4
 Reading COSMO information for compound 4 conformer 1 from file G:\My Drive\Work\Calculos\Alvaro\Simulaciones\PLGA_PEG_PLGA\W/W.cosmo
 Note: Gas phase energy file could not be found for compound 4 conformer 1


 --- Compound 1 (E_H) ---

 Compound Information for compound 1 conformer 1 (COSMO file G:\My Drive\Work\Calculos\Alvaro\Simulaciones\PLGA_PEG_PLGA\E_H/E_H.cosmo)
 Atomic weights         : 111111111
 E_COSMO+dE             :     -97335.9975 kcal/mol
 E_gas                  :     -97330.8019 kcal/mol
 E_COSMO-E_gas+dE       :         -5.1956 kcal/mol
 E_diel                 :         -6.7664 kcal/mol
 Averaging corr dE      :          0.4142 kcal/mol
 Area                   :         88.3461 A^2
 Volume                 :         70.2159 A^3
 Molecular Weight       :         46.0687 a.m.u.
 Total COSMO charge     :         -0.0009 a.u.
 Dipole moment (t,x,y,z):          2.2158 -1.741503 -0.386359  1.314415 Debye                            
 Sigma moments (1-6)    :          0.0000  5.20E+01  2.27E+01  1.11E+02  7.37E+01  2.90E+02              
 H-bond moment (accept) :          4.1200
 H-bond moment (donor)  :          1.7863
 
 No gas phase energy for compound 1 conformer 1 specified, thus it will be estimated


 --- Compound 2 (G_H) ---

 Compound Information for compound 2 conformer 1 (COSMO file G:\My Drive\Work\Calculos\Alvaro\Simulaciones\PLGA_PEG_PLGA\G_H/G_H.cosmo)
 Atomic weights         : 11111111
 E_COSMO+dE             :    -143798.7035 kcal/mol
 E_gas                  :    -143787.1576 kcal/mol
 E_COSMO-E_gas+dE       :        -11.5459 kcal/mol
 E_diel                 :        -15.7795 kcal/mol
 Averaging corr dE      :          0.5264 kcal/mol
 Area                   :         93.0777 A^2
 Volume                 :         75.4423 A^3
 Molecular Weight       :         60.0522 a.m.u.
 Total COSMO charge     :          0.0010 a.u.
 Dipole moment (t,x,y,z):          5.8809  4.860955  0.842898 -3.200931 Debye                            
 Sigma moments (1-6)    :          0.0000  9.20E+01  2.57E+01  1.66E+02  6.18E+01  3.81E+02              
 H-bond moment (accept) :          5.0259
 H-bond moment (donor)  :          2.8402
 
 No gas phase energy for compound 2 conformer 1 specified, thus it will be estimated


 --- Compound 3 (L_H) ---

 Compound Information for compound 3 conformer 1 (COSMO file G:\My Drive\Work\Calculos\Alvaro\Simulaciones\PLGA_PEG_PLGA\L_H/L_H.cosmo)
 Atomic weights         : 11111111111
 E_COSMO+dE             :    -168480.7856 kcal/mol
 E_gas                  :    -168473.8870 kcal/mol
 E_COSMO-E_gas+dE       :         -6.8986 kcal/mol
 E_diel                 :         -9.1658 kcal/mol
 Averaging corr dE      :          0.5443 kcal/mol
 Area                   :        110.3831 A^2
 Volume                 :         95.2680 A^3
 Molecular Weight       :         74.0789 a.m.u.
 Total COSMO charge     :          0.0039 a.u.
 Dipole moment (t,x,y,z):          3.6135 -3.018328  0.438255 -1.937785 Debye                            
 Sigma moments (1-6)    :          0.0000  6.50E+01  3.20E+01  8.81E+01  8.19E+01  1.67E+02              
 H-bond moment (accept) :          3.1070
 H-bond moment (donor)  :          0.3315
 
 No gas phase energy for compound 3 conformer 1 specified, thus it will be estimated


 --- Compound 4 (W) ---

 Compound Information for compound 4 conformer 1 (COSMO file G:\My Drive\Work\Calculos\Alvaro\Simulaciones\PLGA_PEG_PLGA\W/W.cosmo)
 Atomic weights         : 111
 E_COSMO+dE             :     -47990.5429 kcal/mol
 E_gas                  :     -47984.4914 kcal/mol
 E_COSMO-E_gas+dE       :         -6.0515 kcal/mol
 E_diel                 :         -9.5898 kcal/mol
 Averaging corr dE      :          0.5076 kcal/mol
 Area                   :         43.0707 A^2
 Volume                 :         25.5974 A^3
 Molecular Weight       :         18.0153 a.m.u.
 Total COSMO charge     :         -0.0012 a.u.
 Dipole moment (t,x,y,z):          2.4690 -0.335957 -0.628339 -2.363965 Debye                            
 Sigma moments (1-6)    :          0.0000  7.48E+01  1.27E+01  1.80E+02  7.16E+01  4.86E+02              
 H-bond moment (accept) :          5.6931
 H-bond moment (donor)  :          3.8516
 
 No gas phase energy for compound 4 conformer 1 specified, thus it will be estimated


 Total number of processed compounds:    4


----------------
 START job     1
----------------

 WARNING: QSPR parameters for liquid density calculation are valid at room temperature only!
 WARNING: Please use the computed density data with caution


 ------------------------------------------------------------------------
  Computation of QSPR density and volume of all compounds 
       c_EMF     c_EHB    c_VCOS   c_SMOM2   c_NRing     Shift   c_SM2^2  
    1.02E+00  6.62E-01  1.07E+00 -5.57E-01 -1.99E+00  3.49E+01  1.28E-03
 ------------------------------------------------------------------------



 Results for mixture 1
 ---------------------
 Temperature          :    310.000 K
 Compound Nr.         :         1         2         3         4
 Compound             :       E_H       G_H       L_H         W
 Mole Fraction        :    1.0000    0.0000    0.0000    0.0000

 Compound: 1  (E_H)
 Chemical potential of the compound in the mixture :        -3.01433 kcal/mol
 Log10(partial pressure [mbar])                    :         2.06329
 Free energy of molecule in mix (E_COSMO+dE+Mu)    :    -97339.01185 kcal/mol
 Total mean interaction energy in the mix (H_int)  :        -7.96399 kcal/mol
 Misfit interaction energy in the mix (H_MF)       :         1.13938 kcal/mol
 H-Bond interaction energy in the mix (H_HB)       :        -4.98256 kcal/mol
 VdW interaction energy in the mix (H_vdW)         :        -4.12081 kcal/mol
 Liquid Density                                    :         0.77949 g/ml
 Liquid Volume                                     :        98.14103 A^3




 Results for mixture 2
 ---------------------
 Temperature          :    310.000 K
 Compound Nr.         :         1         2         3         4
 Compound             :       E_H       G_H       L_H         W
 Mole Fraction        :    0.0000    1.0000    0.0000    0.0000

 Compound: 2  (G_H)
 Chemical potential of the compound in the mixture :        -1.61735 kcal/mol
 Log10(partial pressure [mbar])                    :        -1.42821
 Free energy of molecule in mix (E_COSMO+dE+Mu)    :   -143800.32084 kcal/mol
 Total mean interaction energy in the mix (H_int)  :        -7.86557 kcal/mol
 Misfit interaction energy in the mix (H_MF)       :         1.84189 kcal/mol
 H-Bond interaction energy in the mix (H_HB)       :        -5.79124 kcal/mol
 VdW interaction energy in the mix (H_vdW)         :        -3.91622 kcal/mol
 Liquid Density                                    :         1.15238 g/ml
 Liquid Volume                                     :        86.53463 A^3




 Results for mixture 3
 ---------------------
 Temperature          :    310.000 K
 Compound Nr.         :         1         2         3         4
 Compound             :       E_H       G_H       L_H         W
 Mole Fraction        :    0.0000    0.0000    1.0000    0.0000

 Compound: 3  (L_H)
 Chemical potential of the compound in the mixture :        -1.52811 kcal/mol
 Log10(partial pressure [mbar])                    :         1.91047
 Free energy of molecule in mix (E_COSMO+dE+Mu)    :   -168482.31370 kcal/mol
 Total mean interaction energy in the mix (H_int)  :        -3.61425 kcal/mol
 Misfit interaction energy in the mix (H_MF)       :         2.10355 kcal/mol
 H-Bond interaction energy in the mix (H_HB)       :        -0.95012 kcal/mol
 VdW interaction energy in the mix (H_vdW)         :        -4.76768 kcal/mol
 Liquid Density                                    :         0.98808 g/ml
 Liquid Volume                                     :       124.49653 A^3




 Results for mixture 4
 ---------------------
 Temperature          :    310.000 K
 Compound Nr.         :         1         2         3         4
 Compound             :       E_H       G_H       L_H         W
 Mole Fraction        :    0.0000    0.0000    0.0000    1.0000

 Compound: 4  (W)
 Chemical potential of the compound in the mixture :        -2.47246 kcal/mol
 Log10(partial pressure [mbar])                    :         1.84195
 Free energy of molecule in mix (E_COSMO+dE+Mu)    :    -47993.01536 kcal/mol
 Total mean interaction energy in the mix (H_int)  :        -6.81941 kcal/mol
 Misfit interaction energy in the mix (H_MF)       :         0.30411 kcal/mol
 H-Bond interaction energy in the mix (H_HB)       :        -6.18953 kcal/mol
 VdW interaction energy in the mix (H_vdW)         :        -0.93399 kcal/mol
 Liquid Density                                    :         0.99291 g/ml
 Liquid Volume                                     :        30.12909 A^3


----------------
 END job       1
----------------
